<?xml version="1.0" encoding="UTF-8"?>
<!-- Generated by org.testng.reporters.JUnitReportReporter -->
<testsuite skipped="1" hostname="LAPTOP-N0K1MT3J" name="com.qa.opencart.tests.LoginPageTest" tests="3" failures="0" timestamp="30 Jan 2022 15:47:52 GMT" time="7.011" errors="0">
  <testcase name="loginpageTitleTest" time="0.046" classname="com.qa.opencart.tests.LoginPageTest"/>
  <testcase name="verifylogin" time="6.965" classname="com.qa.opencart.tests.LoginPageTest"/>
  <testcase name="loginpageUrlTest" classname="com.qa.opencart.tests.LoginPageTest">
    <skipped/>
  </testcase> <!-- loginpageUrlTest -->
</testsuite> <!-- com.qa.opencart.tests.LoginPageTest -->
