<?xml version="1.0" encoding="UTF-8"?>
<!-- Generated by org.testng.reporters.JUnitReportReporter -->
<testsuite skipped="1" hostname="LAPTOP-N0K1MT3J" name="com.qa.opencart.tests.RegistrationTest" tests="1" failures="0" timestamp="01 Feb 2022 14:48:39 GMT" time="0.000" errors="0">
  <testcase name="RegistrationPageTest" time="0.000" classname="com.qa.opencart.tests.RegistrationTest">
    <skipped/>
  </testcase> <!-- RegistrationPageTest -->
</testsuite> <!-- com.qa.opencart.tests.RegistrationTest -->
