<?xml version="1.0" encoding="UTF-8"?>
<!-- Generated by org.testng.reporters.JUnitReportReporter -->
<testsuite skipped="1" hostname="LAPTOP-N0K1MT3J" name="com.qa.opencart.tests.LoginPageTest" tests="3" failures="0" timestamp="03 Feb 2022 18:29:41 GMT" time="7.922" errors="0">
  <testcase name="loginpageTitleTest" time="0.099" classname="com.qa.opencart.tests.LoginPageTest"/>
  <testcase name="verifylogin" time="7.823" classname="com.qa.opencart.tests.LoginPageTest"/>
  <testcase name="loginpageUrlTest" classname="com.qa.opencart.tests.LoginPageTest">
    <skipped/>
  </testcase> <!-- loginpageUrlTest -->
</testsuite> <!-- com.qa.opencart.tests.LoginPageTest -->
